objc[84468]: Class AXEmojiUtilities is implemented in both /Applications/Xcode.app/Contents/Developer/Platforms/iPhoneSimulator.platform/Developer/SDKs/iPhoneSimulator7.1.sdk/System/Library/PrivateFrameworks/AccessibilityUtilities.framework/AccessibilityUtilities and /Applications/Xcode.app/Contents/Developer/Platforms/iPhoneSimulator.platform/Developer/SDKs/iPhoneSimulator7.1.sdk/usr/lib/libAXSpeechManager.dylib. One of the two will be used. Which one is undefined.
2014-12-06 23:03:07.331 PainSquad[84468:70b] Cannot find executable for CFBundle 0x7965a610 </Applications/Xcode.app/Contents/Developer/Platforms/iPhoneSimulator.platform/Developer/SDKs/iPhoneSimulator7.1.sdk/System/Library/AccessibilityBundles/CertUIFramework.axbundle> (not loaded)
2014-12-06 23:03:07.335 PainSquad[84468:70b] Cannot find executable for CFBundle 0x79931310 </Applications/Xcode.app/Contents/Developer/Platforms/iPhoneSimulator.platform/Developer/SDKs/iPhoneSimulator7.1.sdk/System/Library/AccessibilityBundles/GeoServices.axbundle> (not loaded)
2014-12-06 23:03:07.380 PainSquad[84468:70b] Multi-tasking -> Device: YES, App: YES
2014-12-06 23:03:07.386 PainSquad[84468:70b] Unlimited access to network resources
2014-12-06 23:03:07.411 PainSquad[84468:70b] [CDVTimer][keyboard] 0.103056ms
2014-12-06 23:03:07.423 PainSquad[84468:70b] [CDVTimer][splashscreen] 11.286020ms
2014-12-06 23:03:07.427 PainSquad[84468:70b] [CDVTimer][statusbar] 3.239989ms
2014-12-06 23:03:07.427 PainSquad[84468:70b] [CDVTimer][TotalPluginStartup] 16.196966ms
2014-12-06 23:03:07.432 PainSquad[84468:70b] active
2014-12-06 23:03:07.692 PainSquad[84468:70b] Resetting plugins due to page load.
2014-12-06 23:03:08.020 PainSquad[84468:70b] Finished load of: file:///Users/sailias/Library/Developer/CoreSimulator/Devices/9F330587-B530-4F45-B468-C0748F51752C/data/Applications/05C90912-EDDB-452E-8E05-B63EAC9A87DD/PainSquad.app/www/index.html#/app/home
objc[85968]: Class AXEmojiUtilities is implemented in both /Applications/Xcode.app/Contents/Developer/Platforms/iPhoneSimulator.platform/Developer/SDKs/iPhoneSimulator7.1.sdk/System/Library/PrivateFrameworks/AccessibilityUtilities.framework/AccessibilityUtilities and /Applications/Xcode.app/Contents/Developer/Platforms/iPhoneSimulator.platform/Developer/SDKs/iPhoneSimulator7.1.sdk/usr/lib/libAXSpeechManager.dylib. One of the two will be used. Which one is undefined.
2014-12-06 23:23:30.466 PainSquad[85968:70b] Cannot find executable for CFBundle 0x78f9bfa0 </Applications/Xcode.app/Contents/Developer/Platforms/iPhoneSimulator.platform/Developer/SDKs/iPhoneSimulator7.1.sdk/System/Library/AccessibilityBundles/CertUIFramework.axbundle> (not loaded)
2014-12-06 23:23:30.471 PainSquad[85968:70b] Cannot find executable for CFBundle 0x78fb2f70 </Applications/Xcode.app/Contents/Developer/Platforms/iPhoneSimulator.platform/Developer/SDKs/iPhoneSimulator7.1.sdk/System/Library/AccessibilityBundles/GeoServices.axbundle> (not loaded)
2014-12-06 23:23:30.519 PainSquad[85968:70b] Multi-tasking -> Device: YES, App: YES
2014-12-06 23:23:30.527 PainSquad[85968:70b] Unlimited access to network resources
2014-12-06 23:23:30.551 PainSquad[85968:70b] [CDVTimer][keyboard] 0.101984ms
2014-12-06 23:23:30.560 PainSquad[85968:70b] [CDVTimer][splashscreen] 8.747995ms
2014-12-06 23:23:30.563 PainSquad[85968:70b] [CDVTimer][statusbar] 2.204001ms
2014-12-06 23:23:30.563 PainSquad[85968:70b] [CDVTimer][TotalPluginStartup] 12.410998ms
2014-12-06 23:23:30.568 PainSquad[85968:70b] active
2014-12-06 23:23:30.745 PainSquad[85968:70b] Resetting plugins due to page load.
2014-12-06 23:23:31.026 PainSquad[85968:70b] Finished load of: file:///Users/sailias/Library/Developer/CoreSimulator/Devices/9F330587-B530-4F45-B468-C0748F51752C/data/Applications/05C90912-EDDB-452E-8E05-B63EAC9A87DD/PainSquad.app/www/index.html#/app/home
objc[87419]: Class AXEmojiUtilities is implemented in both /Applications/Xcode.app/Contents/Developer/Platforms/iPhoneSimulator.platform/Developer/SDKs/iPhoneSimulator7.1.sdk/System/Library/PrivateFrameworks/AccessibilityUtilities.framework/AccessibilityUtilities and /Applications/Xcode.app/Contents/Developer/Platforms/iPhoneSimulator.platform/Developer/SDKs/iPhoneSimulator7.1.sdk/usr/lib/libAXSpeechManager.dylib. One of the two will be used. Which one is undefined.
2014-12-06 23:24:14.060 PainSquad[87419:70b] Cannot find executable for CFBundle 0x7bf96680 </Applications/Xcode.app/Contents/Developer/Platforms/iPhoneSimulator.platform/Developer/SDKs/iPhoneSimulator7.1.sdk/System/Library/AccessibilityBundles/CertUIFramework.axbundle> (not loaded)
2014-12-06 23:24:14.069 PainSquad[87419:70b] Cannot find executable for CFBundle 0x7c0d0440 </Applications/Xcode.app/Contents/Developer/Platforms/iPhoneSimulator.platform/Developer/SDKs/iPhoneSimulator7.1.sdk/System/Library/AccessibilityBundles/GeoServices.axbundle> (not loaded)
2014-12-06 23:24:14.119 PainSquad[87419:70b] Multi-tasking -> Device: YES, App: YES
2014-12-06 23:24:14.125 PainSquad[87419:70b] Unlimited access to network resources
2014-12-06 23:24:14.151 PainSquad[87419:70b] [CDVTimer][keyboard] 0.108004ms
2014-12-06 23:24:14.162 PainSquad[87419:70b] [CDVTimer][splashscreen] 10.549009ms
2014-12-06 23:24:14.165 PainSquad[87419:70b] [CDVTimer][statusbar] 2.909005ms
2014-12-06 23:24:14.166 PainSquad[87419:70b] [CDVTimer][TotalPluginStartup] 15.235007ms
2014-12-06 23:24:14.172 PainSquad[87419:70b] active
2014-12-06 23:24:14.331 PainSquad[87419:70b] Resetting plugins due to page load.
2014-12-06 23:24:14.613 PainSquad[87419:70b] Finished load of: file:///Users/sailias/Library/Developer/CoreSimulator/Devices/9F330587-B530-4F45-B468-C0748F51752C/data/Applications/05C90912-EDDB-452E-8E05-B63EAC9A87DD/PainSquad.app/www/index.html#/app/home
objc[89591]: Class AXEmojiUtilities is implemented in both /Applications/Xcode.app/Contents/Developer/Platforms/iPhoneSimulator.platform/Developer/SDKs/iPhoneSimulator7.1.sdk/System/Library/PrivateFrameworks/AccessibilityUtilities.framework/AccessibilityUtilities and /Applications/Xcode.app/Contents/Developer/Platforms/iPhoneSimulator.platform/Developer/SDKs/iPhoneSimulator7.1.sdk/usr/lib/libAXSpeechManager.dylib. One of the two will be used. Which one is undefined.
2014-12-06 23:27:44.728 PainSquad[89591:70b] Cannot find executable for CFBundle 0x78f44910 </Applications/Xcode.app/Contents/Developer/Platforms/iPhoneSimulator.platform/Developer/SDKs/iPhoneSimulator7.1.sdk/System/Library/AccessibilityBundles/CertUIFramework.axbundle> (not loaded)
2014-12-06 23:27:44.738 PainSquad[89591:70b] Cannot find executable for CFBundle 0x7904d8d0 </Applications/Xcode.app/Contents/Developer/Platforms/iPhoneSimulator.platform/Developer/SDKs/iPhoneSimulator7.1.sdk/System/Library/AccessibilityBundles/GeoServices.axbundle> (not loaded)
2014-12-06 23:27:44.787 PainSquad[89591:70b] Multi-tasking -> Device: YES, App: YES
2014-12-06 23:27:44.793 PainSquad[89591:70b] Unlimited access to network resources
2014-12-06 23:27:44.815 PainSquad[89591:70b] [CDVTimer][keyboard] 0.093997ms
2014-12-06 23:27:44.825 PainSquad[89591:70b] [CDVTimer][splashscreen] 9.220958ms
2014-12-06 23:27:44.827 PainSquad[89591:70b] [CDVTimer][statusbar] 2.089024ms
2014-12-06 23:27:44.828 PainSquad[89591:70b] [CDVTimer][TotalPluginStartup] 12.686014ms
2014-12-06 23:27:44.833 PainSquad[89591:70b] active
2014-12-06 23:27:45.002 PainSquad[89591:70b] Resetting plugins due to page load.
2014-12-06 23:27:45.278 PainSquad[89591:70b] Finished load of: file:///Users/sailias/Library/Developer/CoreSimulator/Devices/9F330587-B530-4F45-B468-C0748F51752C/data/Applications/05C90912-EDDB-452E-8E05-B63EAC9A87DD/PainSquad.app/www/index.html#/app/home
objc[91005]: Class AXEmojiUtilities is implemented in both /Applications/Xcode.app/Contents/Developer/Platforms/iPhoneSimulator.platform/Developer/SDKs/iPhoneSimulator7.1.sdk/System/Library/PrivateFrameworks/AccessibilityUtilities.framework/AccessibilityUtilities and /Applications/Xcode.app/Contents/Developer/Platforms/iPhoneSimulator.platform/Developer/SDKs/iPhoneSimulator7.1.sdk/usr/lib/libAXSpeechManager.dylib. One of the two will be used. Which one is undefined.
2014-12-06 23:28:34.581 PainSquad[91005:70b] Cannot find executable for CFBundle 0x7989cbd0 </Applications/Xcode.app/Contents/Developer/Platforms/iPhoneSimulator.platform/Developer/SDKs/iPhoneSimulator7.1.sdk/System/Library/AccessibilityBundles/GeoServices.axbundle> (not loaded)
2014-12-06 23:28:34.587 PainSquad[91005:70b] Cannot find executable for CFBundle 0x798aac20 </Applications/Xcode.app/Contents/Developer/Platforms/iPhoneSimulator.platform/Developer/SDKs/iPhoneSimulator7.1.sdk/System/Library/AccessibilityBundles/CertUIFramework.axbundle> (not loaded)
2014-12-06 23:28:34.632 PainSquad[91005:70b] Multi-tasking -> Device: YES, App: YES
2014-12-06 23:28:34.638 PainSquad[91005:70b] Unlimited access to network resources
2014-12-06 23:28:34.658 PainSquad[91005:70b] [CDVTimer][keyboard] 0.093997ms
2014-12-06 23:28:34.667 PainSquad[91005:70b] [CDVTimer][splashscreen] 8.501947ms
2014-12-06 23:28:34.671 PainSquad[91005:70b] [CDVTimer][statusbar] 3.480971ms
2014-12-06 23:28:34.671 PainSquad[91005:70b] [CDVTimer][TotalPluginStartup] 13.496995ms
2014-12-06 23:28:34.675 PainSquad[91005:70b] active
2014-12-06 23:28:34.824 PainSquad[91005:70b] Resetting plugins due to page load.
2014-12-06 23:28:35.063 PainSquad[91005:70b] Finished load of: file:///Users/sailias/Library/Developer/CoreSimulator/Devices/9F330587-B530-4F45-B468-C0748F51752C/data/Applications/05C90912-EDDB-452E-8E05-B63EAC9A87DD/PainSquad.app/www/index.html#/app/home
objc[92511]: Class AXEmojiUtilities is implemented in both /Applications/Xcode.app/Contents/Developer/Platforms/iPhoneSimulator.platform/Developer/SDKs/iPhoneSimulator7.1.sdk/System/Library/PrivateFrameworks/AccessibilityUtilities.framework/AccessibilityUtilities and /Applications/Xcode.app/Contents/Developer/Platforms/iPhoneSimulator.platform/Developer/SDKs/iPhoneSimulator7.1.sdk/usr/lib/libAXSpeechManager.dylib. One of the two will be used. Which one is undefined.
2014-12-06 23:35:58.418 PainSquad[92511:70b] Cannot find executable for CFBundle 0x7b9545b0 </Applications/Xcode.app/Contents/Developer/Platforms/iPhoneSimulator.platform/Developer/SDKs/iPhoneSimulator7.1.sdk/System/Library/AccessibilityBundles/GeoServices.axbundle> (not loaded)
2014-12-06 23:35:58.425 PainSquad[92511:70b] Cannot find executable for CFBundle 0x7b734680 </Applications/Xcode.app/Contents/Developer/Platforms/iPhoneSimulator.platform/Developer/SDKs/iPhoneSimulator7.1.sdk/System/Library/AccessibilityBundles/CertUIFramework.axbundle> (not loaded)
2014-12-06 23:35:58.456 PainSquad[92511:70b] Multi-tasking -> Device: YES, App: YES
2014-12-06 23:35:58.465 PainSquad[92511:70b] Unlimited access to network resources
2014-12-06 23:35:58.486 PainSquad[92511:70b] [CDVTimer][keyboard] 0.090003ms
2014-12-06 23:35:58.496 PainSquad[92511:70b] [CDVTimer][splashscreen] 9.552002ms
2014-12-06 23:35:58.500 PainSquad[92511:70b] [CDVTimer][statusbar] 4.123986ms
2014-12-06 23:35:58.501 PainSquad[92511:70b] [CDVTimer][TotalPluginStartup] 15.211999ms
2014-12-06 23:35:58.506 PainSquad[92511:70b] active
2014-12-06 23:35:58.750 PainSquad[92511:70b] Resetting plugins due to page load.
2014-12-06 23:35:59.049 PainSquad[92511:70b] Finished load of: file:///Users/sailias/Library/Developer/CoreSimulator/Devices/9F330587-B530-4F45-B468-C0748F51752C/data/Applications/05C90912-EDDB-452E-8E05-B63EAC9A87DD/PainSquad.app/www/index.html#/app/home
2014-12-06 23:39:16.254 PainSquad[93296:70b] Multi-tasking -> Device: YES, App: YES
2014-12-06 23:39:16.263 PainSquad[93296:70b] Unlimited access to network resources
2014-12-06 23:39:16.287 PainSquad[93296:70b] [CDVTimer][keyboard] 0.086010ms
2014-12-06 23:39:16.298 PainSquad[93296:70b] WARNING: The splashscreen image named LaunchImage-568h was not found
2014-12-06 23:39:16.299 PainSquad[93296:70b] [CDVTimer][splashscreen] 11.169970ms
2014-12-06 23:39:16.304 PainSquad[93296:70b] [CDVTimer][statusbar] 4.665017ms
2014-12-06 23:39:16.304 PainSquad[93296:70b] [CDVTimer][TotalPluginStartup] 17.339051ms
2014-12-06 23:39:16.311 PainSquad[93296:70b] WARNING: The splashscreen image named LaunchImage-568h was not found
2014-12-06 23:39:16.314 PainSquad[93296:70b] WARNING: The splashscreen image named LaunchImage-568h was not found
2014-12-06 23:39:16.315 PainSquad[93296:70b] WARNING: The splashscreen image named LaunchImage-568h was not found
2014-12-06 23:39:16.316 PainSquad[93296:70b] active
2014-12-06 23:39:16.485 PainSquad[93296:70b] Resetting plugins due to page load.
2014-12-06 23:39:16.795 PainSquad[93296:70b] Finished load of: file:///Users/sailias/Library/Developer/CoreSimulator/Devices/51237D86-91F2-4352-A1CD-BD387C9671ED/data/Applications/A37025B0-D844-44E3-971C-7E4AD2403B89/PainSquad.app/www/index.html#/app/home
objc[93296]: Class AXEmojiUtilities is implemented in both /Applications/Xcode.app/Contents/Developer/Platforms/iPhoneSimulator.platform/Developer/SDKs/iPhoneSimulator7.1.sdk/System/Library/PrivateFrameworks/AccessibilityUtilities.framework/AccessibilityUtilities and /Applications/Xcode.app/Contents/Developer/Platforms/iPhoneSimulator.platform/Developer/SDKs/iPhoneSimulator7.1.sdk/usr/lib/libAXSpeechManager.dylib. One of the two will be used. Which one is undefined.
2014-12-06 23:39:45.158 PainSquad[93296:70b] Cannot find executable for CFBundle 0x7be8c4c0 </Applications/Xcode.app/Contents/Developer/Platforms/iPhoneSimulator.platform/Developer/SDKs/iPhoneSimulator7.1.sdk/System/Library/AccessibilityBundles/CertUIFramework.axbundle> (not loaded)
2014-12-06 23:39:45.159 PainSquad[93296:70b] Cannot find executable for CFBundle 0x7c0de030 </Applications/Xcode.app/Contents/Developer/Platforms/iPhoneSimulator.platform/Developer/SDKs/iPhoneSimulator7.1.sdk/System/Library/AccessibilityBundles/MusicLibrary.axbundle> (not loaded)
2014-12-06 23:39:45.167 PainSquad[93296:70b] Cannot find executable for CFBundle 0x7c0ed270 </Applications/Xcode.app/Contents/Developer/Platforms/iPhoneSimulator.platform/Developer/SDKs/iPhoneSimulator7.1.sdk/System/Library/AccessibilityBundles/GeoServices.axbundle> (not loaded)
2014-12-06 23:40:03.479 PainSquad[93296:70b] setting movie path: 
2014-12-06 23:40:03.536 PainSquad[93296:70b] setting movie path: 
2014-12-06 23:40:03.550 PainSquad[93296:70b] setting movie path: 
Dec  6 23:56:02 Jonathans-MacBook-Pro.local PainSquad[93296] <Error>: CGImageCreate: invalid image size: 0 x 0.
Dec  6 23:56:02 Jonathans-MacBook-Pro.local PainSquad[93296] <Error>: CGImageCreate: invalid image size: 0 x 0.
Dec  6 23:56:02 Jonathans-MacBook-Pro.local PainSquad[93296] <Error>: CGImageCreate: invalid image size: 0 x 0.
2014-12-06 23:56:11.960 PainSquad[93296:70b] active
objc[27145]: Class AXEmojiUtilities is implemented in both /Applications/Xcode.app/Contents/Developer/Platforms/iPhoneSimulator.platform/Developer/SDKs/iPhoneSimulator7.1.sdk/System/Library/PrivateFrameworks/AccessibilityUtilities.framework/AccessibilityUtilities and /Applications/Xcode.app/Contents/Developer/Platforms/iPhoneSimulator.platform/Developer/SDKs/iPhoneSimulator7.1.sdk/usr/lib/libAXSpeechManager.dylib. One of the two will be used. Which one is undefined.
2014-12-18 16:48:59.086 PainSquad[27145:70b] Cannot find executable for CFBundle 0x796938e0 </Applications/Xcode.app/Contents/Developer/Platforms/iPhoneSimulator.platform/Developer/SDKs/iPhoneSimulator7.1.sdk/System/Library/AccessibilityBundles/GeoServices.axbundle> (not loaded)
2014-12-18 16:48:59.102 PainSquad[27145:70b] Cannot find executable for CFBundle 0x796a69f0 </Applications/Xcode.app/Contents/Developer/Platforms/iPhoneSimulator.platform/Developer/SDKs/iPhoneSimulator7.1.sdk/System/Library/AccessibilityBundles/CertUIFramework.axbundle> (not loaded)
2014-12-18 16:48:59.148 PainSquad[27145:70b] Multi-tasking -> Device: YES, App: YES
2014-12-18 16:48:59.167 PainSquad[27145:70b] Unlimited access to network resources
2014-12-18 16:48:59.285 PainSquad[27145:70b] [CDVTimer][keyboard] 0.098050ms
2014-12-18 16:48:59.401 PainSquad[27145:70b] [CDVTimer][splashscreen] 115.577996ms
2014-12-18 16:48:59.406 PainSquad[27145:70b] [CDVTimer][statusbar] 4.432023ms
2014-12-18 16:48:59.406 PainSquad[27145:70b] [CDVTimer][TotalPluginStartup] 121.667981ms
2014-12-18 16:48:59.414 PainSquad[27145:70b] active
2014-12-18 16:48:59.597 PainSquad[27145:70b] Resetting plugins due to page load.
2014-12-18 16:48:59.996 PainSquad[27145:70b] Finished load of: file:///Users/sailias/Library/Developer/CoreSimulator/Devices/9F330587-B530-4F45-B468-C0748F51752C/data/Applications/05C90912-EDDB-452E-8E05-B63EAC9A87DD/PainSquad.app/www/index.html#/app/home
objc[25789]: Class AXEmojiUtilities is implemented in both /Applications/Xcode.app/Contents/Developer/Platforms/iPhoneSimulator.platform/Developer/SDKs/iPhoneSimulator7.1.sdk/System/Library/PrivateFrameworks/AccessibilityUtilities.framework/AccessibilityUtilities and /Applications/Xcode.app/Contents/Developer/Platforms/iPhoneSimulator.platform/Developer/SDKs/iPhoneSimulator7.1.sdk/usr/lib/libAXSpeechManager.dylib. One of the two will be used. Which one is undefined.
2015-01-02 11:17:58.207 PainSquad[25789:70b] Cannot find executable for CFBundle 0x7a02c190 </Applications/Xcode.app/Contents/Developer/Platforms/iPhoneSimulator.platform/Developer/SDKs/iPhoneSimulator7.1.sdk/System/Library/AccessibilityBundles/GeoServices.axbundle> (not loaded)
2015-01-02 11:17:58.211 PainSquad[25789:70b] Cannot find executable for CFBundle 0x79e360c0 </Applications/Xcode.app/Contents/Developer/Platforms/iPhoneSimulator.platform/Developer/SDKs/iPhoneSimulator7.1.sdk/System/Library/AccessibilityBundles/CertUIFramework.axbundle> (not loaded)
2015-01-02 11:17:58.270 PainSquad[25789:70b] Multi-tasking -> Device: YES, App: YES
2015-01-02 11:17:58.286 PainSquad[25789:70b] Unlimited access to network resources
2015-01-02 11:17:58.466 PainSquad[25789:70b] [CDVTimer][keyboard] 0.096023ms
2015-01-02 11:17:58.511 PainSquad[25789:70b] [CDVTimer][splashscreen] 43.965995ms
2015-01-02 11:17:58.516 PainSquad[25789:70b] [CDVTimer][statusbar] 4.190028ms
2015-01-02 11:17:58.516 PainSquad[25789:70b] [CDVTimer][TotalPluginStartup] 49.889982ms
2015-01-02 11:17:58.524 PainSquad[25789:70b] active
2015-01-02 11:17:58.681 PainSquad[25789:70b] Resetting plugins due to page load.
2015-01-02 11:17:59.037 PainSquad[25789:70b] Finished load of: file:///Users/sailias/Library/Developer/CoreSimulator/Devices/9F330587-B530-4F45-B468-C0748F51752C/data/Applications/05C90912-EDDB-452E-8E05-B63EAC9A87DD/PainSquad.app/www/index.html#/app/home
2015-01-02 11:17:59.462 PainSquad[25789:70b] device token 
2015-01-02 11:18:38.366 PainSquad[25789:70b] Resetting plugins due to page load.
2015-01-02 11:18:39.051 PainSquad[25789:70b] Finished load of: file:///Users/sailias/Library/Developer/CoreSimulator/Devices/9F330587-B530-4F45-B468-C0748F51752C/data/Applications/05C90912-EDDB-452E-8E05-B63EAC9A87DD/PainSquad.app/www/index.html#/app/login
